<?xml version="1.0" encoding="UTF-8"?>
<!-- Generated by org.testng.reporters.JUnitReportReporter -->
<testsuite hostname="LAPTOP-E2PSIL5I" failures="0" tests="10" name="api.usermodel.tests.CreateUserUsingArray" time="14.037" errors="0" timestamp="2023-09-22T16:00:18 IST" skipped="0">
  <testcase classname="api.usermodel.tests.CreateUserUsingArray" name="deleteUserTest" time="2.848"/>
  <system-out>
    <![CDATA[ ******************  Testing delete user (created using array) *************
[Assertion Passed]: Deleted user using array with name : user_name89892]]>
  </system-out>
  <testcase classname="api.usermodel.tests.CreateUserUsingArray" name="createArrayPayload" time="0.002"/>
  <system-out/>
  <testcase classname="api.usermodel.tests.CreateUserUsingArray" name="createArrayPayload" time="0.002"/>
  <system-out/>
  <testcase classname="api.usermodel.tests.CreateUserUsingArray" name="getUsersTest" time="1.442"/>
  <system-out>
    <![CDATA[ ******************  Testing get user (created using array) *************
[Assertion Passed]: Got user using array with name : user_name89892]]>
  </system-out>
  <testcase classname="api.usermodel.tests.CreateUserUsingArray" name="createArrayPayload" time="0.001"/>
  <system-out/>
  <testcase classname="api.usermodel.tests.CreateUserUsingArray" name="createUsers" time="1.377"/>
  <system-out>
    <![CDATA[ ******************  Testing create users using array *************
[Assertion Passed]: Created users using array]]>
  </system-out>
  <testcase classname="api.usermodel.tests.CreateUserUsingArray" name="getUsersTest" time="1.420"/>
  <system-out>
    <![CDATA[ ******************  Testing get user (created using array) *************
[Assertion Passed]: Got user using array with name : user.name1]]>
  </system-out>
  <testcase classname="api.usermodel.tests.CreateUserUsingArray" name="deleteUserTest" time="2.794"/>
  <system-out>
    <![CDATA[ ******************  Testing delete user (created using array) *************
[Assertion Passed]: Deleted user using array with name : user.name1]]>
  </system-out>
  <testcase classname="api.usermodel.tests.CreateUserUsingArray" name="deleteUserTest" time="2.780"/>
  <system-out>
    <![CDATA[ ******************  Testing delete user (created using array) *************
[Assertion Passed]: Deleted user using array with name : user.name09]]>
  </system-out>
  <testcase classname="api.usermodel.tests.CreateUserUsingArray" name="getUsersTest" time="1.371"/>
  <system-out>
    <![CDATA[ ******************  Testing get user (created using array) *************
[Assertion Passed]: Got user using array with name : user.name09]]>
  </system-out>
</testsuite> <!-- api.usermodel.tests.CreateUserUsingArray -->
