<?xml version="1.0" encoding="UTF-8"?>
<!-- Generated by org.testng.reporters.JUnitReportReporter -->
<testsuite hostname="LAPTOP-E2PSIL5I" failures="0" tests="4" name="api.usermodel.tests.UserTests" time="13.735" errors="0" timestamp="2023-09-22T16:12:15 IST" skipped="0">
  <testcase classname="api.usermodel.tests.UserTests" name="createUserTest" time="3.647"/>
  <system-out>
    <![CDATA[ ******************  Testing create User *************
[Assertion Passed]: Created user with name: elroy.shields]]>
  </system-out>
  <testcase classname="api.usermodel.tests.UserTests" name="getUser" time="2.240"/>
  <system-out>
    <![CDATA[ ******************  Testing get User *************
[Assertion Passed]: Get user with name: elroy.shields]]>
  </system-out>
  <testcase classname="api.usermodel.tests.UserTests" name="updateUser" time="2.993"/>
  <system-out>
    <![CDATA[ ******************  Testing update User *************
[Assertion Passed]: Updated user with name: elroy.shields]]>
  </system-out>
  <testcase classname="api.usermodel.tests.UserTests" name="deleteUser" time="4.855"/>
  <system-out>
    <![CDATA[ ******************  Testing delete User *************
[Assertion Passed]: Deleted user with name: elroy.shields]]>
  </system-out>
</testsuite> <!-- api.usermodel.tests.UserTests -->
