<?xml version="1.0" encoding="UTF-8"?>
<!-- Generated by org.testng.reporters.JUnitReportReporter -->
<testsuite hostname="LAPTOP-E2PSIL5I" failures="0" tests="1" name="api.usermodel.tests.GetInvalidUserTest" time="1.424" errors="0" timestamp="2023-09-22T16:00:18 IST" skipped="0">
  <testcase classname="api.usermodel.tests.GetInvalidUserTest" name="getNonExistentUserTest" time="1.424"/>
  <system-out>
    <![CDATA[[Assertion Passed] : Get user with non-existent name results 404 not found]]>
  </system-out>
</testsuite> <!-- api.usermodel.tests.GetInvalidUserTest -->
